TRACE [2024-06-23 14:44:45] Logging to C:/Users/Alan/Documents/R Projects/rnaco/rnaco/inst/extdata/Logfiles/processing.log
TRACE [2024-06-23 14:44:45] Processing data
TRACE [2024-06-23 14:44:45] Reading yaml configuration
TRACE [2024-06-23 14:44:45] Found C:/Users/Alan/Documents/R Projects/rnaco/rnaco/data-raw/marctables.Rmd
TRACE [2024-06-23 14:44:45] Found C:/Users/Alan/Documents/R Projects/rnaco/rnaco/data-raw/unihanVariants.Rmd
TRACE [2024-06-23 14:44:45] Found C:/Users/Alan/Documents/R Projects/rnaco/rnaco/data-raw/nacoDatasets.Rmd
TRACE [2024-06-23 14:44:45] Processing 1 of 3: C:/Users/Alan/Documents/R Projects/rnaco/rnaco/data-raw/marctables.Rmd

TRACE [2024-06-23 14:45:26] 17 data set(s) created by marctables.Rmd
TRACE [2024-06-23 14:45:26] Processing 2 of 3: C:/Users/Alan/Documents/R Projects/rnaco/rnaco/data-raw/unihanVariants.Rmd

TRACE [2024-06-23 14:45:49] 1 data set(s) created by unihanVariants.Rmd
TRACE [2024-06-23 14:45:49] Processing 3 of 3: C:/Users/Alan/Documents/R Projects/rnaco/rnaco/data-raw/nacoDatasets.Rmd

TRACE [2024-06-23 14:45:49] 1 data set(s) created by nacoDatasets.Rmd
TRACE [2024-06-23 14:45:49] NEWS.md file not found, creating!
TRACE [2024-06-23 14:45:49] NEWS.md file found, updating!
TRACE [2024-06-23 14:45:49] Saving to data
TRACE [2024-06-23 14:45:49] Copied documentation to C:/Users/Alan/Documents/R Projects/rnaco/rnaco/R/rnaco.R
TRACE [2024-06-23 14:45:49] Done
TRACE [2024-06-23 14:45:49] DataPackageR succeeded
TRACE [2024-06-23 14:45:49] Building documentation
TRACE [2024-06-23 14:45:52] Building package
TRACE [2024-06-23 14:49:15] Rebuilding data package documentation.
TRACE [2024-06-27 11:56:21] Logging to C:/Users/Alan/Documents/R Projects/rnaco/rnaco/inst/extdata/Logfiles/processing.log
TRACE [2024-06-27 11:56:21] Processing data
TRACE [2024-06-27 11:56:21] Reading yaml configuration
TRACE [2024-06-27 11:56:21] Found C:/Users/Alan/Documents/R Projects/rnaco/rnaco/data-raw/marctables.Rmd
TRACE [2024-06-27 11:56:21] Found C:/Users/Alan/Documents/R Projects/rnaco/rnaco/data-raw/unihanVariants.Rmd
TRACE [2024-06-27 11:56:21] Found C:/Users/Alan/Documents/R Projects/rnaco/rnaco/data-raw/nacoDatasets.Rmd
TRACE [2024-06-27 11:56:21] Processing 1 of 3: C:/Users/Alan/Documents/R Projects/rnaco/rnaco/data-raw/marctables.Rmd

TRACE [2024-06-27 11:57:06] 17 data set(s) created by marctables.Rmd
TRACE [2024-06-27 11:57:06] Processing 2 of 3: C:/Users/Alan/Documents/R Projects/rnaco/rnaco/data-raw/unihanVariants.Rmd

TRACE [2024-06-27 11:57:32] 1 data set(s) created by unihanVariants.Rmd
TRACE [2024-06-27 11:57:32] Processing 3 of 3: C:/Users/Alan/Documents/R Projects/rnaco/rnaco/data-raw/nacoDatasets.Rmd

TRACE [2024-06-27 11:57:33] 1 data set(s) created by nacoDatasets.Rmd
TRACE [2024-06-27 11:57:33] NEWS.md file found, updating!
TRACE [2024-06-27 11:57:33] Processed data sets match existing data sets at version 0.1.0
TRACE [2024-06-27 11:57:33] Saving to data
TRACE [2024-06-27 11:57:33] Copied documentation to C:/Users/Alan/Documents/R Projects/rnaco/rnaco/R/rnaco.R
TRACE [2024-06-27 11:57:33] Done
TRACE [2024-06-27 11:57:33] DataPackageR succeeded
TRACE [2024-06-27 11:57:33] Building documentation
TRACE [2024-06-27 11:57:37] Building package
TRACE [2024-06-27 12:49:42] Logging to C:/Users/Alan/Documents/R Projects/rnaco/rnaco/inst/extdata/Logfiles/processing.log
TRACE [2024-06-27 12:49:42] Processing data
TRACE [2024-06-27 12:49:42] Reading yaml configuration
TRACE [2024-06-27 12:49:42] Found C:/Users/Alan/Documents/R Projects/rnaco/rnaco/data-raw/marctables.Rmd
TRACE [2024-06-27 12:49:42] Found C:/Users/Alan/Documents/R Projects/rnaco/rnaco/data-raw/unihanVariants.Rmd
TRACE [2024-06-27 12:49:42] Found C:/Users/Alan/Documents/R Projects/rnaco/rnaco/data-raw/nacoDatasets.Rmd
TRACE [2024-06-27 12:49:42] Processing 1 of 3: C:/Users/Alan/Documents/R Projects/rnaco/rnaco/data-raw/marctables.Rmd

TRACE [2024-06-27 12:50:28] 17 data set(s) created by marctables.Rmd
TRACE [2024-06-27 12:50:28] Processing 2 of 3: C:/Users/Alan/Documents/R Projects/rnaco/rnaco/data-raw/unihanVariants.Rmd

TRACE [2024-06-27 12:50:51] 1 data set(s) created by unihanVariants.Rmd
TRACE [2024-06-27 12:50:52] Processing 3 of 3: C:/Users/Alan/Documents/R Projects/rnaco/rnaco/data-raw/nacoDatasets.Rmd

TRACE [2024-06-27 12:50:54] 7 data set(s) created by nacoDatasets.Rmd
TRACE [2024-06-27 12:50:55] NEWS.md file found, updating!
DEBUG [2024-06-27 12:50:55] cjk_extract_01 was added.
DEBUG [2024-06-27 12:50:55] cjk_extract_01 was added.
DEBUG [2024-06-27 12:50:55] cjk_extract_01 was added.
TRACE [2024-06-27 12:50:55] NEWS.md file found, updating!
TRACE [2024-06-27 12:50:55] NEWS.md file found, updating!
TRACE [2024-06-27 12:50:55] Data has been updated and DataVersion string incremented automatically to 0.1.1
TRACE [2024-06-27 12:50:55] Saving to data
TRACE [2024-06-27 12:50:56] Copied documentation to C:/Users/Alan/Documents/R Projects/rnaco/rnaco/R/rnaco.R
TRACE [2024-06-27 12:50:56] Done
TRACE [2024-06-27 12:50:56] DataPackageR succeeded
TRACE [2024-06-27 12:50:56] Building documentation
TRACE [2024-06-27 12:50:59] Building package
TRACE [2024-06-27 15:13:58] Rebuilding data package documentation.
TRACE [2024-06-27 17:12:45] Logging to C:/Users/Alan/Documents/R Projects/rnaco/rnaco/inst/extdata/Logfiles/processing.log
TRACE [2024-06-27 17:12:45] Processing data
TRACE [2024-06-27 17:12:45] Reading yaml configuration
TRACE [2024-06-27 17:12:45] Found C:/Users/Alan/Documents/R Projects/rnaco/rnaco/data-raw/marctables.Rmd
TRACE [2024-06-27 17:12:45] Found C:/Users/Alan/Documents/R Projects/rnaco/rnaco/data-raw/unihanVariants.Rmd
TRACE [2024-06-27 17:12:45] Found C:/Users/Alan/Documents/R Projects/rnaco/rnaco/data-raw/nacoDatasets.Rmd
TRACE [2024-06-27 17:12:45] Processing 1 of 3: C:/Users/Alan/Documents/R Projects/rnaco/rnaco/data-raw/marctables.Rmd

TRACE [2024-06-27 17:13:29] 17 data set(s) created by marctables.Rmd
TRACE [2024-06-27 17:13:29] Processing 2 of 3: C:/Users/Alan/Documents/R Projects/rnaco/rnaco/data-raw/unihanVariants.Rmd

TRACE [2024-06-27 17:13:53] 1 data set(s) created by unihanVariants.Rmd
TRACE [2024-06-27 17:13:53] Processing 3 of 3: C:/Users/Alan/Documents/R Projects/rnaco/rnaco/data-raw/nacoDatasets.Rmd

TRACE [2024-06-27 17:13:56] 7 data set(s) created by nacoDatasets.Rmd
TRACE [2024-06-27 17:13:57] NEWS.md file found, updating!
TRACE [2024-06-27 17:13:57] Processed data sets match existing data sets at version 0.1.1
TRACE [2024-06-27 17:13:57] Saving to data
TRACE [2024-06-27 17:13:58] Copied documentation to C:/Users/Alan/Documents/R Projects/rnaco/rnaco/R/rnaco.R
TRACE [2024-06-27 17:13:58] Done
TRACE [2024-06-27 17:13:58] DataPackageR succeeded
TRACE [2024-06-27 17:13:58] Building documentation
TRACE [2024-06-27 17:14:00] Building package
TRACE [2024-06-27 17:17:27] Rebuilding data package documentation.
TRACE [2024-06-27 17:44:58] Logging to C:/Users/Alan/Documents/R Projects/rnaco/rnaco/inst/extdata/Logfiles/processing.log
TRACE [2024-06-27 17:44:58] Processing data
TRACE [2024-06-27 17:44:58] Reading yaml configuration
TRACE [2024-06-27 17:44:58] Found C:/Users/Alan/Documents/R Projects/rnaco/rnaco/data-raw/marctables.Rmd
TRACE [2024-06-27 17:44:58] Found C:/Users/Alan/Documents/R Projects/rnaco/rnaco/data-raw/unihanVariants.Rmd
TRACE [2024-06-27 17:44:58] Found C:/Users/Alan/Documents/R Projects/rnaco/rnaco/data-raw/nacoDatasets.Rmd
TRACE [2024-06-27 17:44:58] Processing 1 of 3: C:/Users/Alan/Documents/R Projects/rnaco/rnaco/data-raw/marctables.Rmd

TRACE [2024-06-27 17:45:45] 17 data set(s) created by marctables.Rmd
TRACE [2024-06-27 17:45:45] Processing 2 of 3: C:/Users/Alan/Documents/R Projects/rnaco/rnaco/data-raw/unihanVariants.Rmd

TRACE [2024-06-27 17:46:09] 1 data set(s) created by unihanVariants.Rmd
TRACE [2024-06-27 17:46:09] Processing 3 of 3: C:/Users/Alan/Documents/R Projects/rnaco/rnaco/data-raw/nacoDatasets.Rmd

TRACE [2024-06-27 17:46:12] 7 data set(s) created by nacoDatasets.Rmd
TRACE [2024-06-27 17:46:13] NEWS.md file found, updating!
TRACE [2024-06-27 17:46:13] Processed data sets match existing data sets at version 0.1.1
TRACE [2024-06-27 17:46:13] Saving to data
TRACE [2024-06-27 17:46:14] Copied documentation to C:/Users/Alan/Documents/R Projects/rnaco/rnaco/R/rnaco.R
TRACE [2024-06-27 17:46:14] Done
TRACE [2024-06-27 17:46:14] DataPackageR succeeded
TRACE [2024-06-27 17:46:14] Building documentation
TRACE [2024-06-27 17:46:16] Building package
TRACE [2024-06-27 18:03:58] Logging to C:/Users/Alan/Documents/R Projects/rnaco/rnaco/inst/extdata/Logfiles/processing.log
TRACE [2024-06-27 18:03:58] Processing data
TRACE [2024-06-27 18:03:58] Reading yaml configuration
TRACE [2024-06-27 18:03:58] Found C:/Users/Alan/Documents/R Projects/rnaco/rnaco/data-raw/marctables.Rmd
TRACE [2024-06-27 18:03:58] Found C:/Users/Alan/Documents/R Projects/rnaco/rnaco/data-raw/unihanVariants.Rmd
TRACE [2024-06-27 18:03:58] Found C:/Users/Alan/Documents/R Projects/rnaco/rnaco/data-raw/nacoDatasets.Rmd
TRACE [2024-06-27 18:03:58] Processing 1 of 3: C:/Users/Alan/Documents/R Projects/rnaco/rnaco/data-raw/marctables.Rmd

TRACE [2024-06-27 18:04:41] 17 data set(s) created by marctables.Rmd
TRACE [2024-06-27 18:04:41] Processing 2 of 3: C:/Users/Alan/Documents/R Projects/rnaco/rnaco/data-raw/unihanVariants.Rmd

TRACE [2024-06-27 18:05:04] 1 data set(s) created by unihanVariants.Rmd
TRACE [2024-06-27 18:05:04] Processing 3 of 3: C:/Users/Alan/Documents/R Projects/rnaco/rnaco/data-raw/nacoDatasets.Rmd

TRACE [2024-06-27 18:05:07] 7 data set(s) created by nacoDatasets.Rmd
TRACE [2024-06-27 18:05:08] NEWS.md file found, updating!
TRACE [2024-06-27 18:05:08] Processed data sets match existing data sets at version 0.1.1
TRACE [2024-06-27 18:05:08] Saving to data
TRACE [2024-06-27 18:05:09] Copied documentation to C:/Users/Alan/Documents/R Projects/rnaco/rnaco/R/rnaco.R
TRACE [2024-06-27 18:05:09] Done
TRACE [2024-06-27 18:05:09] DataPackageR succeeded
TRACE [2024-06-27 18:05:09] Building documentation
TRACE [2024-06-27 18:05:13] Building package
TRACE [2024-06-27 18:06:35] Rebuilding data package documentation.
TRACE [2024-06-27 18:09:51] Logging to C:/Users/Alan/Documents/R Projects/rnaco/rnaco/inst/extdata/Logfiles/processing.log
TRACE [2024-06-27 18:09:51] Processing data
TRACE [2024-06-27 18:09:51] Reading yaml configuration
TRACE [2024-06-27 18:09:51] Found C:/Users/Alan/Documents/R Projects/rnaco/rnaco/data-raw/marctables.Rmd
TRACE [2024-06-27 18:09:51] Found C:/Users/Alan/Documents/R Projects/rnaco/rnaco/data-raw/unihanVariants.Rmd
TRACE [2024-06-27 18:09:51] Found C:/Users/Alan/Documents/R Projects/rnaco/rnaco/data-raw/nacoDatasets.Rmd
TRACE [2024-06-27 18:09:51] Processing 1 of 3: C:/Users/Alan/Documents/R Projects/rnaco/rnaco/data-raw/marctables.Rmd

TRACE [2024-06-27 18:10:36] 17 data set(s) created by marctables.Rmd
TRACE [2024-06-27 18:10:36] Processing 2 of 3: C:/Users/Alan/Documents/R Projects/rnaco/rnaco/data-raw/unihanVariants.Rmd

TRACE [2024-06-27 18:10:59] 1 data set(s) created by unihanVariants.Rmd
TRACE [2024-06-27 18:10:59] Processing 3 of 3: C:/Users/Alan/Documents/R Projects/rnaco/rnaco/data-raw/nacoDatasets.Rmd

TRACE [2024-06-27 18:11:02] 7 data set(s) created by nacoDatasets.Rmd
TRACE [2024-06-27 18:11:03] NEWS.md file found, updating!
TRACE [2024-06-27 18:11:03] Processed data sets match existing data sets at version 0.1.1
TRACE [2024-06-27 18:11:03] Saving to data
TRACE [2024-06-27 18:11:04] Copied documentation to C:/Users/Alan/Documents/R Projects/rnaco/rnaco/R/rnaco.R
TRACE [2024-06-27 18:11:04] Done
TRACE [2024-06-27 18:11:04] DataPackageR succeeded
TRACE [2024-06-27 18:11:04] Building documentation
TRACE [2024-06-27 18:11:07] Building package
TRACE [2024-06-27 19:59:18] Rebuilding data package documentation.
TRACE [2024-06-28 09:19:30] Logging to C:/Users/Alan/Documents/R Projects/rnaco/rnaco/inst/extdata/Logfiles/processing.log
TRACE [2024-06-28 09:19:30] Processing data
TRACE [2024-06-28 09:19:30] Reading yaml configuration
TRACE [2024-06-28 09:19:30] Found C:/Users/Alan/Documents/R Projects/rnaco/rnaco/data-raw/marctables.Rmd
TRACE [2024-06-28 09:19:30] Found C:/Users/Alan/Documents/R Projects/rnaco/rnaco/data-raw/unihanVariants.Rmd
TRACE [2024-06-28 09:19:30] Found C:/Users/Alan/Documents/R Projects/rnaco/rnaco/data-raw/nacoDatasets.Rmd
TRACE [2024-06-28 09:19:30] Found C:/Users/Alan/Documents/R Projects/rnaco/rnaco/data-raw/naco.Rmd
TRACE [2024-06-28 09:19:30] Processing 1 of 4: C:/Users/Alan/Documents/R Projects/rnaco/rnaco/data-raw/marctables.Rmd

TRACE [2024-06-28 09:20:15] 17 data set(s) created by marctables.Rmd
TRACE [2024-06-28 09:20:15] Processing 2 of 4: C:/Users/Alan/Documents/R Projects/rnaco/rnaco/data-raw/unihanVariants.Rmd

TRACE [2024-06-28 09:20:38] 1 data set(s) created by unihanVariants.Rmd
TRACE [2024-06-28 09:20:38] Processing 3 of 4: C:/Users/Alan/Documents/R Projects/rnaco/rnaco/data-raw/nacoDatasets.Rmd

TRACE [2024-06-28 09:20:42] 4 data set(s) created by nacoDatasets.Rmd
TRACE [2024-06-28 09:20:42] Processing 4 of 4: C:/Users/Alan/Documents/R Projects/rnaco/rnaco/data-raw/naco.Rmd

TRACE [2024-06-28 09:20:44] 0 data set(s) created by naco.Rmd
TRACE [2024-06-28 09:20:44] NEWS.md file found, updating!
DEBUG [2024-06-28 09:20:44] cjk_extract_01 was removed.
DEBUG [2024-06-28 09:20:44] cjk_extract_01 was removed.
DEBUG [2024-06-28 09:20:44] cjk_extract_01 was removed.
TRACE [2024-06-28 09:20:44] NEWS.md file found, updating!
TRACE [2024-06-28 09:20:44] NEWS.md file found, updating!
TRACE [2024-06-28 09:20:44] Data has been updated and DataVersion string incremented automatically to 0.1.2
TRACE [2024-06-28 09:20:44] Saving to data
TRACE [2024-06-28 09:20:44] Copied documentation to C:/Users/Alan/Documents/R Projects/rnaco/rnaco/R/rnaco.R
TRACE [2024-06-28 09:20:44] Done
TRACE [2024-06-28 09:20:44] DataPackageR succeeded
TRACE [2024-06-28 09:20:44] Building documentation
TRACE [2024-06-28 09:20:47] Building package
TRACE [2024-06-28 09:25:46] Logging to C:/Users/Alan/Documents/R Projects/rnaco/rnaco/inst/extdata/Logfiles/processing.log
TRACE [2024-06-28 09:25:46] Processing data
TRACE [2024-06-28 09:25:46] Reading yaml configuration
TRACE [2024-06-28 09:25:46] Found C:/Users/Alan/Documents/R Projects/rnaco/rnaco/data-raw/marctables.Rmd
TRACE [2024-06-28 09:25:46] Found C:/Users/Alan/Documents/R Projects/rnaco/rnaco/data-raw/unihanVariants.Rmd
TRACE [2024-06-28 09:25:46] Found C:/Users/Alan/Documents/R Projects/rnaco/rnaco/data-raw/nacoDatasets.Rmd
TRACE [2024-06-28 09:25:46] Found C:/Users/Alan/Documents/R Projects/rnaco/rnaco/data-raw/naco.Rmd
TRACE [2024-06-28 09:25:46] Processing 1 of 4: C:/Users/Alan/Documents/R Projects/rnaco/rnaco/data-raw/marctables.Rmd

TRACE [2024-06-28 09:26:29] 17 data set(s) created by marctables.Rmd
TRACE [2024-06-28 09:26:29] Processing 2 of 4: C:/Users/Alan/Documents/R Projects/rnaco/rnaco/data-raw/unihanVariants.Rmd

TRACE [2024-06-28 09:26:51] 1 data set(s) created by unihanVariants.Rmd
TRACE [2024-06-28 09:26:51] Processing 3 of 4: C:/Users/Alan/Documents/R Projects/rnaco/rnaco/data-raw/nacoDatasets.Rmd

TRACE [2024-06-28 09:27:37] 6 data set(s) created by nacoDatasets.Rmd
TRACE [2024-06-28 09:27:37] Processing 4 of 4: C:/Users/Alan/Documents/R Projects/rnaco/rnaco/data-raw/naco.Rmd

TRACE [2024-06-28 09:27:39] 0 data set(s) created by naco.Rmd
TRACE [2024-06-28 09:27:39] NEWS.md file found, updating!
DEBUG [2024-06-28 09:27:39] cjkextractja was added.
DEBUG [2024-06-28 09:27:39] cjkextractja was added.
DEBUG [2024-06-28 09:27:39] cjkextractja was added.
TRACE [2024-06-28 09:27:39] NEWS.md file found, updating!
TRACE [2024-06-28 09:27:39] NEWS.md file found, updating!
TRACE [2024-06-28 09:27:39] Data has been updated and DataVersion string incremented automatically to 0.1.3
TRACE [2024-06-28 09:27:39] Saving to data
TRACE [2024-06-28 09:27:39] Copied documentation to C:/Users/Alan/Documents/R Projects/rnaco/rnaco/R/rnaco.R
TRACE [2024-06-28 09:27:39] Done
TRACE [2024-06-28 09:27:39] DataPackageR succeeded
TRACE [2024-06-28 09:27:39] Building documentation
TRACE [2024-06-28 09:27:42] Building package
TRACE [2024-06-28 09:58:23] Rebuilding data package documentation.
